Arguments: 
  /usr/local/Cellar/node/9.9.0/bin/node /usr/local/bin/yarn start

PATH: 
  /usr/local/bin:/usr/bin:/bin:/usr/sbin:/sbin:/Users/admin/.composer/vendor/bin

Yarn version: 
  1.5.1

Node version: 
  9.9.0

Platform: 
  darwin x64

npm manifest: 
  {
    "name": "mongo-scrape",
    "version": "1.0.0",
    "description": "",
    "main": "index.js",
    "scripts": {
      "test": "echo \"Error: no test specified\" && exit 1"
    },
    "repository": {
      "type": "git",
      "url": "git+https://github.com/jrr564/mongo-scrape.git"
    },
    "keywords": [
      "mongo",
      "cheerios"
    ],
    "author": "Jonathan Ridewood",
    "license": "ISC",
    "bugs": {
      "url": "https://github.com/jrr564/mongo-scrape/issues"
    },
    "homepage": "https://github.com/jrr564/mongo-scrape#readme",
    "dependencies": {
      "body-parser": "^1.18.2",
      "cheerio": "^1.0.0-rc.2",
      "express": "^4.16.2",
      "express-handlebars": "^3.0.0",
      "mongo": "^0.1.0",
      "mongoose": "^5.0.9",
      "morgan": "^1.9.0",
      "request": "^2.83.0"
    }
  }

yarn manifest: 
  No manifest

Lockfile: 
  No lockfile

Trace: 
  Error: Command failed.
  Exit code: 1
  Command: sh
  Arguments: -c node server.js
  Directory: /Users/admin/code/mongo-scrape
  Output:
  
      at ProcessTermError.MessageError (/usr/local/lib/node_modules/yarn/lib/cli.js:186:110)
      at new ProcessTermError (/usr/local/lib/node_modules/yarn/lib/cli.js:226:113)
      at ChildProcess.<anonymous> (/usr/local/lib/node_modules/yarn/lib/cli.js:30281:17)
      at ChildProcess.emit (events.js:180:13)
      at maybeClose (internal/child_process.js:936:16)
      at Process.ChildProcess._handle.onexit (internal/child_process.js:220:5)
